app/build/intermediates/manifest_merge_blame_file/debug/manifest-merger-blame-debug-report.txt
1<?xml version="1.0" encoding="utf-8"?>
2<manifest xmlns:android="http://schemas.android.com/apk/res/android"
3    package="org.mobileapp"
4    android:versionCode="1"
5    android:versionName="1.0.0" >
6
7    <uses-sdk
8        android:minSdkVersion="25"
8-->src/main/AndroidManifest.xml
9        android:targetSdkVersion="33" />
9-->src/main/AndroidManifest.xml
10
11    <uses-feature
11-->src/main/AndroidManifest.xml:5:5-7:35
12        android:name="android.hardware.location.gps"
12-->src/main/AndroidManifest.xml:6:9-53
13        android:required="true" />
13-->src/main/AndroidManifest.xml:7:9-32
14    <uses-feature android:name="android.hardware.location.network" />
14-->src/main/AndroidManifest.xml:8:5-70
14-->src/main/AndroidManifest.xml:8:19-67
15
16    <uses-permission android:name="android.permission.FOREGROUND_SERVICE" />
16-->src/main/AndroidManifest.xml:10:5-77
16-->src/main/AndroidManifest.xml:10:22-74
17    <uses-permission android:name="android.permission.ACCESS_NETWORK_STATE" />
17-->src/main/AndroidManifest.xml:11:5-79
17-->src/main/AndroidManifest.xml:11:22-76
18    <uses-permission android:name="android.permission.ACCESS_WIFI_STATE" />
18-->src/main/AndroidManifest.xml:12:5-76
18-->src/main/AndroidManifest.xml:12:22-73
19    <uses-permission android:name="android.permission.VIBRATE" />
19-->src/main/AndroidManifest.xml:13:5-66
19-->src/main/AndroidManifest.xml:13:22-63
20    <uses-permission android:name="android.permission.INTERNET" />
20-->src/main/AndroidManifest.xml:14:5-67
20-->src/main/AndroidManifest.xml:14:22-64
21    <uses-permission android:name="android.permission.ACCESS_COARSE_LOCATION" />
21-->src/main/AndroidManifest.xml:15:5-81
21-->src/main/AndroidManifest.xml:15:22-78
22    <uses-permission android:name="android.permission.ACCESS_FINE_LOCATION" />
22-->src/main/AndroidManifest.xml:16:5-79
22-->src/main/AndroidManifest.xml:16:22-76
23    <uses-permission android:name="android.permission.ACTIVITY_RECOGNITION" />
23-->src/main/AndroidManifest.xml:17:5-79
23-->src/main/AndroidManifest.xml:17:22-76
24
25    <permission
25-->[androidx.core:core:1.10.0] AndroidManifest.xml:22:5-24:47
26        android:name="org.mobileapp.DYNAMIC_RECEIVER_NOT_EXPORTED_PERMISSION"
26-->[androidx.core:core:1.10.0] AndroidManifest.xml:23:9-81
27        android:protectionLevel="signature" />
27-->[androidx.core:core:1.10.0] AndroidManifest.xml:24:9-44
28
29    <uses-permission android:name="org.mobileapp.DYNAMIC_RECEIVER_NOT_EXPORTED_PERMISSION" />
29-->[androidx.core:core:1.10.0] AndroidManifest.xml:26:5-97
29-->[androidx.core:core:1.10.0] AndroidManifest.xml:26:22-94
30
31    <supports-screens
31-->[org.osmdroid:osmdroid-android:6.1.16] AndroidManifest.xml:9:5-12:40
32        android:anyDensity="true"
32-->[org.osmdroid:osmdroid-android:6.1.16] AndroidManifest.xml:10:9-34
33        android:largeScreens="true"
33-->[org.osmdroid:osmdroid-android:6.1.16] AndroidManifest.xml:11:9-36
34        android:normalScreens="true" />
34-->[org.osmdroid:osmdroid-android:6.1.16] AndroidManifest.xml:12:9-37
35
36    <uses-feature
36-->[org.osmdroid:osmdroid-android:6.1.16] AndroidManifest.xml:20:5-22:36
37        android:name="android.hardware.telephony"
37-->[org.osmdroid:osmdroid-android:6.1.16] AndroidManifest.xml:21:9-50
38        android:required="false" />
38-->[org.osmdroid:osmdroid-android:6.1.16] AndroidManifest.xml:22:9-33
39    <uses-feature
39-->[org.osmdroid:osmdroid-android:6.1.16] AndroidManifest.xml:23:5-25:36
40        android:name="android.hardware.wifi"
40-->[org.osmdroid:osmdroid-android:6.1.16] AndroidManifest.xml:24:9-45
41        android:required="false" />
41-->[org.osmdroid:osmdroid-android:6.1.16] AndroidManifest.xml:25:9-33
42
43    <application
43-->src/main/AndroidManifest.xml:19:5-40:19
44        android:allowBackup="true"
44-->src/main/AndroidManifest.xml:20:9-35
45        android:appComponentFactory="androidx.core.app.CoreComponentFactory"
45-->[androidx.core:core:1.10.0] AndroidManifest.xml:28:18-86
46        android:debuggable="true"
47        android:extractNativeLibs="false"
48        android:icon="@mipmap/ic_launcher"
48-->src/main/AndroidManifest.xml:21:9-43
49        android:label="@string/app_name"
49-->src/main/AndroidManifest.xml:22:9-41
50        android:supportsRtl="true"
50-->src/main/AndroidManifest.xml:23:9-35
51        android:testOnly="true"
52        android:theme="@style/Theme.MobileApp" >
52-->src/main/AndroidManifest.xml:24:9-47
53        <activity
53-->src/main/AndroidManifest.xml:25:9-27:40
54            android:name="org.mobileapp.SettingsFragment"
54-->src/main/AndroidManifest.xml:26:13-45
55            android:exported="false" />
55-->src/main/AndroidManifest.xml:27:13-37
56        <activity
56-->src/main/AndroidManifest.xml:28:9-30:40
57            android:name="org.mobileapp.MapFragment"
57-->src/main/AndroidManifest.xml:29:13-40
58            android:exported="false" />
58-->src/main/AndroidManifest.xml:30:13-37
59        <activity
59-->src/main/AndroidManifest.xml:31:9-39:20
60            android:name="org.mobileapp.MainActivity"
60-->src/main/AndroidManifest.xml:32:13-41
61            android:exported="true" >
61-->src/main/AndroidManifest.xml:33:13-36
62            <intent-filter>
62-->src/main/AndroidManifest.xml:34:13-38:29
63                <action android:name="android.intent.action.MAIN" />
63-->src/main/AndroidManifest.xml:35:17-69
63-->src/main/AndroidManifest.xml:35:25-66
64
65                <category android:name="android.intent.category.LAUNCHER" />
65-->src/main/AndroidManifest.xml:37:17-77
65-->src/main/AndroidManifest.xml:37:27-74
66            </intent-filter>
67        </activity>
68
69        <provider
69-->[androidx.emoji2:emoji2:1.2.0] AndroidManifest.xml:24:9-32:20
70            android:name="androidx.startup.InitializationProvider"
70-->[androidx.emoji2:emoji2:1.2.0] AndroidManifest.xml:25:13-67
71            android:authorities="org.mobileapp.androidx-startup"
71-->[androidx.emoji2:emoji2:1.2.0] AndroidManifest.xml:26:13-68
72            android:exported="false" >
72-->[androidx.emoji2:emoji2:1.2.0] AndroidManifest.xml:27:13-37
73            <meta-data
73-->[androidx.emoji2:emoji2:1.2.0] AndroidManifest.xml:29:13-31:52
74                android:name="androidx.emoji2.text.EmojiCompatInitializer"
74-->[androidx.emoji2:emoji2:1.2.0] AndroidManifest.xml:30:17-75
75                android:value="androidx.startup" />
75-->[androidx.emoji2:emoji2:1.2.0] AndroidManifest.xml:31:17-49
76            <meta-data
76-->[androidx.lifecycle:lifecycle-process:2.6.1] AndroidManifest.xml:29:13-31:52
77                android:name="androidx.lifecycle.ProcessLifecycleInitializer"
77-->[androidx.lifecycle:lifecycle-process:2.6.1] AndroidManifest.xml:30:17-78
78                android:value="androidx.startup" />
78-->[androidx.lifecycle:lifecycle-process:2.6.1] AndroidManifest.xml:31:17-49
79            <meta-data
79-->[androidx.profileinstaller:profileinstaller:1.3.0] AndroidManifest.xml:29:13-31:52
80                android:name="androidx.profileinstaller.ProfileInstallerInitializer"
80-->[androidx.profileinstaller:profileinstaller:1.3.0] AndroidManifest.xml:30:17-85
81                android:value="androidx.startup" />
81-->[androidx.profileinstaller:profileinstaller:1.3.0] AndroidManifest.xml:31:17-49
82        </provider>
83
84        <uses-library
84-->[androidx.window:window:1.0.0] AndroidManifest.xml:25:9-27:40
85            android:name="androidx.window.extensions"
85-->[androidx.window:window:1.0.0] AndroidManifest.xml:26:13-54
86            android:required="false" />
86-->[androidx.window:window:1.0.0] AndroidManifest.xml:27:13-37
87        <uses-library
87-->[androidx.window:window:1.0.0] AndroidManifest.xml:28:9-30:40
88            android:name="androidx.window.sidecar"
88-->[androidx.window:window:1.0.0] AndroidManifest.xml:29:13-51
89            android:required="false" />
89-->[androidx.window:window:1.0.0] AndroidManifest.xml:30:13-37
90
91        <receiver
91-->[androidx.profileinstaller:profileinstaller:1.3.0] AndroidManifest.xml:34:9-52:20
92            android:name="androidx.profileinstaller.ProfileInstallReceiver"
92-->[androidx.profileinstaller:profileinstaller:1.3.0] AndroidManifest.xml:35:13-76
93            android:directBootAware="false"
93-->[androidx.profileinstaller:profileinstaller:1.3.0] AndroidManifest.xml:36:13-44
94            android:enabled="true"
94-->[androidx.profileinstaller:profileinstaller:1.3.0] AndroidManifest.xml:37:13-35
95            android:exported="true"
95-->[androidx.profileinstaller:profileinstaller:1.3.0] AndroidManifest.xml:38:13-36
96            android:permission="android.permission.DUMP" >
96-->[androidx.profileinstaller:profileinstaller:1.3.0] AndroidManifest.xml:39:13-57
97            <intent-filter>
97-->[androidx.profileinstaller:profileinstaller:1.3.0] AndroidManifest.xml:40:13-42:29
98                <action android:name="androidx.profileinstaller.action.INSTALL_PROFILE" />
98-->[androidx.profileinstaller:profileinstaller:1.3.0] AndroidManifest.xml:41:17-91
98-->[androidx.profileinstaller:profileinstaller:1.3.0] AndroidManifest.xml:41:25-88
99            </intent-filter>
100            <intent-filter>
100-->[androidx.profileinstaller:profileinstaller:1.3.0] AndroidManifest.xml:43:13-45:29
101                <action android:name="androidx.profileinstaller.action.SKIP_FILE" />
101-->[androidx.profileinstaller:profileinstaller:1.3.0] AndroidManifest.xml:44:17-85
101-->[androidx.profileinstaller:profileinstaller:1.3.0] AndroidManifest.xml:44:25-82
102            </intent-filter>
103            <intent-filter>
103-->[androidx.profileinstaller:profileinstaller:1.3.0] AndroidManifest.xml:46:13-48:29
104                <action android:name="androidx.profileinstaller.action.SAVE_PROFILE" />
104-->[androidx.profileinstaller:profileinstaller:1.3.0] AndroidManifest.xml:47:17-88
104-->[androidx.profileinstaller:profileinstaller:1.3.0] AndroidManifest.xml:47:25-85
105            </intent-filter>
106            <intent-filter>
106-->[androidx.profileinstaller:profileinstaller:1.3.0] AndroidManifest.xml:49:13-51:29
107                <action android:name="androidx.profileinstaller.action.BENCHMARK_OPERATION" />
107-->[androidx.profileinstaller:profileinstaller:1.3.0] AndroidManifest.xml:50:17-95
107-->[androidx.profileinstaller:profileinstaller:1.3.0] AndroidManifest.xml:50:25-92
108            </intent-filter>
109        </receiver>
110    </application>
111
112</manifest>